 AS V1.42 Beta [Bld 180] - Source File asciilist.asm - Page 1 - 2021/08/23 17時50分56秒


       1/       0 :                     ;
       2/       0 :                     ; MC6847 All ASCII CHAR List 
       3/       0 :                     ;   for SBC6800+SBC Adapter
       4/       0 :                     ;
       5/       0 :                             
       6/       0 :                     	CPU	6800
       7/       0 :                     
       8/       0 : ="MC6800"           TARGET:	equ	"MC6800"
       9/       0 :                     
      10/     100 :                             org     $0100
      11/     100 :                     ;
      12/     100 : =$C000              VRAM_TOP        EQU     $C000
      13/     100 : =$C200              VRAM_END        EQU     $C200
      14/     100 : =$20                SPC             EQU     $20
      15/     100 :                     ;
      16/     100 : =$0                 VDG_MODE        EQU     %00000000
      17/     100 : =$8110              VDG_CTL_AD      EQU     $8110
      18/     100 :                     ;
      19/     100 :                     MAIN:
      20/     100 : BD 01 0A                    JSR     VDG_INIT
      21/     103 : BD 01 10                    JSR     VRAM_CLR
      22/     106 : BD 01 1E                    JSR     CHAR_PRINT
      23/     109 : 3F                          SWI
      24/     10A :                     ;
      25/     10A :                     ; MC6747初期化
      26/     10A :                     ;
      27/     10A :                     VDG_INIT:
      28/     10A : 86 00                       LDAA    #VDG_MODE
      29/     10C : B7 81 10                    STAA    VDG_CTL_AD
      30/     10F : 39                          RTS
      31/     110 :                     ;
      32/     110 :                     ; VRAMクリア
      33/     110 :                     ;
      34/     110 :                     VRAM_CLR:
      35/     110 : CE C0 00                    LDX #VRAM_TOP
      36/     113 : 86 20                       LDAA #SPC
      37/     115 :                     VRAM_CLR_LOOP:
      38/     115 : A7 00                       STAA 0,X
      39/     117 : 08                          INX
      40/     118 : 8C C2 00                    CPX     #VRAM_END
      41/     11B : 26 F8                       BNE     VRAM_CLR_LOOP
      42/     11D : 39                          RTS
      43/     11E :                     ;
      44/     11E :                     ; 全キャラクター表示
      45/     11E :                     ;
      46/     11E :                     CHAR_PRINT:
      47/     11E : CE C0 00                    LDX     #VRAM_TOP
      48/     121 : 86 00                       LDAA    #0
      49/     123 :                     CHAR_PRINT_LOOP:
      50/     123 : A7 00                       STAA    0,X
      51/     125 : 4C                          INCA
      52/     126 : 08                          INX
      53/     127 : 8C C2 00                    CPX     #VRAM_END
      54/     12A : 26 F7                       BNE     CHAR_PRINT_LOOP
      55/     12C : 39                          RTS
      56/     12D :                     ;
      57/     12D :                             END
 AS V1.42 Beta [Bld 180] - Source File asciilist.asm - Page 2 - 2021/08/23 17時50分56秒


  Symbol Table (* = unused):
  --------------------------

*ARCHITECTURE :  "x86_64-apple-osx" - | *BIGENDIAN :                      0 - |
*BRANCHEXT :                      0 - | *CASESENSITIVE :                  0 - |
 CHAR_PRINT :                   11E C |  CHAR_PRINT_LOOP :              123 C |
*CONSTPI :        3.141592653589793 - | *DATE :                "2021/08/23" - |
*FALSE :                          0 - | *FULLPMMU :                       1 - |
*HAS64 :                          1 - | *HASDSP :                         0 - |
*HASFPU :                         0 - | *HASPMMU :                        0 - |
*INEXTMODE :                      0 - | *INLWORDMODE :                    0 - |
*INMAXMODE :                      0 - | *INSRCMODE :                      0 - |
*INSUPMODE :                      0 - | *LISTON :                         1 - |
*MACEXP :                         7 - | *MAIN :                         100 C |
*MOMCPU :                      6800 - | *MOMCPUNAME :                "6800" - |
*NESTMAX :                      100 - | *PACKING :                        0 - |
*PADDING :                        0 - | *RELAXED :                        0 - |
 SPC :                           20 - | *TARGET :                  "MC6800" - |
*TIME :               "17\-026\-103\-12650\-027\-120\-12256\-025\-089\-110" - |
*TRUE :                           1 - |  VDG_CTL_AD :                  8110 - |
 VDG_INIT :                     10A C |  VDG_MODE :                       0 - |
*VERSION :                     142F - |  VRAM_CLR :                     110 C |
 VRAM_CLR_LOOP :                115 C |  VRAM_END :                    C200 - |
 VRAM_TOP :                    C000 - | *Z80SYNTAX :                      0 - |

     41 symbols
     31 unused symbols

 AS V1.42 Beta [Bld 180] - Source File asciilist.asm - Page 3 - 2021/08/23 17時50分56秒


  Code Pages:
  ----------

STANDARD (0 changed characters)

1 code page

0.02 seconds assembly time

     57 lines source file
      2 passes
      0 errors
      0 warnings
